<?xml version="1.0" encoding="UTF-8"?>
<testng-results ignored="0" total="1" passed="1" failed="0" skipped="0">
  <reporter-output>
  </reporter-output>
  <suite started-at="2025-07-16T23:17:49 IST" name="Default suite" finished-at="2025-07-16T23:17:55 IST" duration-ms="5889">
    <groups>
    </groups>
    <test started-at="2025-07-16T23:17:49 IST" name="Default test" finished-at="2025-07-16T23:17:55 IST" duration-ms="5889">
      <class name="class1">
        <test-method signature="test_method1()[pri:0, instance:class1@1ffaf86]" started-at="2025-07-16T23:17:49 IST" name="test_method1" finished-at="2025-07-16T23:17:55 IST" duration-ms="5788" status="PASS">
          <reporter-output>
          </reporter-output>
        </test-method> <!-- test_method1 -->
      </class> <!-- class1 -->
    </test> <!-- Default test -->
  </suite> <!-- Default suite -->
</testng-results>
